[2022-12-20 00:19:53Z INFO HostContext] No proxy settings were found based on environmental variables (http_proxy/https_proxy/HTTP_PROXY/HTTPS_PROXY)
[2022-12-20 00:19:53Z INFO HostContext] Well known directory 'Bin': '/Users/lorellereid/Git_Repos/besticon/actions-runner/bin'
[2022-12-20 00:19:53Z INFO HostContext] Well known directory 'Root': '/Users/lorellereid/Git_Repos/besticon/actions-runner'
[2022-12-20 00:19:53Z INFO HostContext] Well known config file 'Credentials': '/Users/lorellereid/Git_Repos/besticon/actions-runner/.credentials'
[2022-12-20 00:19:53Z INFO HostContext] Well known directory 'Bin': '/Users/lorellereid/Git_Repos/besticon/actions-runner/bin'
[2022-12-20 00:19:53Z INFO HostContext] Well known directory 'Root': '/Users/lorellereid/Git_Repos/besticon/actions-runner'
[2022-12-20 00:19:53Z INFO HostContext] Well known config file 'Runner': '/Users/lorellereid/Git_Repos/besticon/actions-runner/.runner'
[2022-12-20 00:19:53Z INFO Listener] Runner is built for OSX (X64) - osx-x64.
[2022-12-20 00:19:53Z INFO Listener] RuntimeInformation: Darwin 21.6.0 Darwin Kernel Version 21.6.0: Thu Sep 29 20:12:57 PDT 2022; root:xnu-8020.240.7~1/RELEASE_X86_64.
[2022-12-20 00:19:53Z INFO Listener] Version: 2.299.1
[2022-12-20 00:19:53Z INFO Listener] Commit: 2e44f985bd9bf890dc061e654f6a850c6f1249cf
[2022-12-20 00:19:53Z INFO Listener] Culture: en-US
[2022-12-20 00:19:53Z INFO Listener] UI Culture: en-US
[2022-12-20 00:19:53Z INFO HostContext] Well known directory 'Bin': '/Users/lorellereid/Git_Repos/besticon/actions-runner/bin'
[2022-12-20 00:19:53Z INFO HostContext] Well known directory 'Root': '/Users/lorellereid/Git_Repos/besticon/actions-runner'
[2022-12-20 00:19:53Z INFO Listener] Validating directory permissions for: '/Users/lorellereid/Git_Repos/besticon/actions-runner'
[2022-12-20 00:19:53Z INFO CommandLineParser] Parse
[2022-12-20 00:19:53Z INFO CommandLineParser] Parsing 5 args
[2022-12-20 00:19:53Z INFO CommandLineParser] parsing argument
[2022-12-20 00:19:53Z INFO CommandLineParser] HasArgs: False
[2022-12-20 00:19:53Z INFO CommandLineParser] Adding Command: configure
[2022-12-20 00:19:53Z INFO CommandLineParser] parsing argument
[2022-12-20 00:19:53Z INFO CommandLineParser] HasArgs: True
[2022-12-20 00:19:53Z INFO CommandLineParser] arg: url
[2022-12-20 00:19:53Z INFO CommandLineParser] parsing argument
[2022-12-20 00:19:53Z INFO CommandLineParser] HasArgs: True
[2022-12-20 00:19:53Z INFO CommandLineParser] Adding option 'url': 'https://github.com/learn2reid/besticon'
[2022-12-20 00:19:53Z INFO CommandLineParser] parsing argument
[2022-12-20 00:19:53Z INFO CommandLineParser] HasArgs: True
[2022-12-20 00:19:53Z INFO CommandLineParser] arg: token
[2022-12-20 00:19:53Z INFO CommandLineParser] parsing argument
[2022-12-20 00:19:53Z INFO CommandLineParser] HasArgs: True
[2022-12-20 00:19:53Z INFO CommandLineParser] Adding option 'token': '***'
[2022-12-20 00:19:53Z INFO Listener] Arguments parsed
[2022-12-20 00:19:54Z INFO Runner] ExecuteCommand
[2022-12-20 00:19:54Z INFO ConfigurationStore] currentAssemblyLocation: /Users/lorellereid/Git_Repos/besticon/actions-runner/bin/Runner.Listener.dll
[2022-12-20 00:19:54Z INFO HostContext] Well known directory 'Bin': '/Users/lorellereid/Git_Repos/besticon/actions-runner/bin'
[2022-12-20 00:19:54Z INFO ConfigurationStore] binPath: /Users/lorellereid/Git_Repos/besticon/actions-runner/bin
[2022-12-20 00:19:54Z INFO HostContext] Well known directory 'Bin': '/Users/lorellereid/Git_Repos/besticon/actions-runner/bin'
[2022-12-20 00:19:54Z INFO HostContext] Well known directory 'Root': '/Users/lorellereid/Git_Repos/besticon/actions-runner'
[2022-12-20 00:19:54Z INFO ConfigurationStore] RootFolder: /Users/lorellereid/Git_Repos/besticon/actions-runner
[2022-12-20 00:19:54Z INFO HostContext] Well known directory 'Bin': '/Users/lorellereid/Git_Repos/besticon/actions-runner/bin'
[2022-12-20 00:19:54Z INFO HostContext] Well known directory 'Root': '/Users/lorellereid/Git_Repos/besticon/actions-runner'
[2022-12-20 00:19:54Z INFO HostContext] Well known config file 'Runner': '/Users/lorellereid/Git_Repos/besticon/actions-runner/.runner'
[2022-12-20 00:19:54Z INFO ConfigurationStore] ConfigFilePath: /Users/lorellereid/Git_Repos/besticon/actions-runner/.runner
[2022-12-20 00:19:54Z INFO HostContext] Well known directory 'Bin': '/Users/lorellereid/Git_Repos/besticon/actions-runner/bin'
[2022-12-20 00:19:54Z INFO HostContext] Well known directory 'Root': '/Users/lorellereid/Git_Repos/besticon/actions-runner'
[2022-12-20 00:19:54Z INFO HostContext] Well known config file 'Credentials': '/Users/lorellereid/Git_Repos/besticon/actions-runner/.credentials'
[2022-12-20 00:19:54Z INFO ConfigurationStore] CredFilePath: /Users/lorellereid/Git_Repos/besticon/actions-runner/.credentials
[2022-12-20 00:19:54Z INFO HostContext] Well known directory 'Bin': '/Users/lorellereid/Git_Repos/besticon/actions-runner/bin'
[2022-12-20 00:19:54Z INFO HostContext] Well known directory 'Root': '/Users/lorellereid/Git_Repos/besticon/actions-runner'
[2022-12-20 00:19:54Z INFO HostContext] Well known config file 'MigratedCredentials': '/Users/lorellereid/Git_Repos/besticon/actions-runner/.credentials_migrated'
[2022-12-20 00:19:54Z INFO ConfigurationStore] MigratedCredFilePath: /Users/lorellereid/Git_Repos/besticon/actions-runner/.credentials_migrated
[2022-12-20 00:19:54Z INFO HostContext] Well known directory 'Bin': '/Users/lorellereid/Git_Repos/besticon/actions-runner/bin'
[2022-12-20 00:19:54Z INFO HostContext] Well known directory 'Root': '/Users/lorellereid/Git_Repos/besticon/actions-runner'
[2022-12-20 00:19:54Z INFO HostContext] Well known config file 'Service': '/Users/lorellereid/Git_Repos/besticon/actions-runner/.service'
[2022-12-20 00:19:54Z INFO ConfigurationStore] ServiceConfigFilePath: /Users/lorellereid/Git_Repos/besticon/actions-runner/.service
[2022-12-20 00:19:54Z INFO CommandSettings] Flag 'help': 'False'
[2022-12-20 00:19:54Z INFO CommandSettings] Flag 'version': 'False'
[2022-12-20 00:19:54Z INFO CommandSettings] Flag 'commit': 'False'
[2022-12-20 00:19:54Z INFO CommandSettings] Flag 'check': 'False'
[2022-12-20 00:19:54Z INFO CommandSettings] Command 'configure': 'True'
[2022-12-20 00:19:54Z INFO Terminal] WRITE LINE: 
[2022-12-20 00:19:54Z INFO Terminal] WRITE LINE: --------------------------------------------------------------------------------
[2022-12-20 00:19:54Z INFO Terminal] WRITE LINE: |        ____ _ _   _   _       _          _        _   _                      |
[2022-12-20 00:19:54Z INFO Terminal] WRITE LINE: |       / ___(_) |_| | | |_   _| |__      / \   ___| |_(_) ___  _ __  ___      |
[2022-12-20 00:19:54Z INFO Terminal] WRITE LINE: |      | |  _| | __| |_| | | | | '_ \    / _ \ / __| __| |/ _ \| '_ \/ __|     |
[2022-12-20 00:19:54Z INFO Terminal] WRITE LINE: |      | |_| | | |_|  _  | |_| | |_) |  / ___ \ (__| |_| | (_) | | | \__ \     |
[2022-12-20 00:19:54Z INFO Terminal] WRITE LINE: |       \____|_|\__|_| |_|\__,_|_.__/  /_/   \_\___|\__|_|\___/|_| |_|___/     |
[2022-12-20 00:19:54Z INFO Terminal] WRITE LINE: |                                                                              |
[2022-12-20 00:19:54Z INFO Terminal] WRITE: |                       
[2022-12-20 00:19:54Z INFO Terminal] WRITE: Self-hosted runner registration
[2022-12-20 00:19:54Z INFO Terminal] WRITE LINE:                         |
[2022-12-20 00:19:54Z INFO Terminal] WRITE LINE: |                                                                              |
[2022-12-20 00:19:54Z INFO Terminal] WRITE LINE: --------------------------------------------------------------------------------
[2022-12-20 00:19:54Z INFO ConfigurationManager] ConfigureAsync
[2022-12-20 00:19:54Z INFO CommandSettings] Flag 'generateServiceConfig': 'False'
[2022-12-20 00:19:54Z INFO ConfigurationStore] IsConfigured()
[2022-12-20 00:19:54Z INFO ConfigurationStore] IsConfigured: False
[2022-12-20 00:19:54Z INFO ConfigurationManager] Is configured: False
[2022-12-20 00:19:54Z INFO CommandSettings] Arg 'url': 'https://github.com/learn2reid/besticon'
[2022-12-20 00:19:54Z INFO CommandSettings] Remove url from Arg dictionary.
[2022-12-20 00:19:54Z INFO CommandSettings] Arg 'token': '***'
[2022-12-20 00:19:54Z INFO CommandSettings] Remove token from Arg dictionary.
[2022-12-20 00:19:55Z INFO ConfigurationManager] Http response code: OK from 'POST https://api.github.com/actions/runner-registration'
[2022-12-20 00:19:55Z INFO ConfigurationManager] cred retrieved via GitHub auth
[2022-12-20 00:19:55Z INFO RunnerServer] EstablishVssConnection
[2022-12-20 00:19:55Z INFO RunnerServer] Establish connection with 100 seconds timeout.
[2022-12-20 00:19:55Z INFO GitHubActionsService] Starting operation Location.GetConnectionData
[2022-12-20 00:19:55Z INFO RunnerServer] EstablishVssConnection
[2022-12-20 00:19:55Z INFO RunnerServer] Establish connection with 60 seconds timeout.
[2022-12-20 00:19:55Z INFO GitHubActionsService] Starting operation Location.GetConnectionData
[2022-12-20 00:19:55Z INFO RunnerServer] EstablishVssConnection
[2022-12-20 00:19:55Z INFO RunnerServer] Establish connection with 60 seconds timeout.
[2022-12-20 00:19:55Z INFO GitHubActionsService] Starting operation Location.GetConnectionData
[2022-12-20 00:19:55Z INFO GitHubActionsService] Finished operation Location.GetConnectionData
[2022-12-20 00:19:55Z INFO GitHubActionsService] Finished operation Location.GetConnectionData
[2022-12-20 00:19:55Z INFO GitHubActionsService] Finished operation Location.GetConnectionData
[2022-12-20 00:19:56Z INFO Terminal] WRITE LINE: 
[2022-12-20 00:19:56Z INFO ConfigurationManager] Test Connection complete.
[2022-12-20 00:19:56Z INFO HostContext] Well known directory 'Bin': '/Users/lorellereid/Git_Repos/besticon/actions-runner/bin'
[2022-12-20 00:19:56Z INFO HostContext] Well known directory 'Root': '/Users/lorellereid/Git_Repos/besticon/actions-runner'
[2022-12-20 00:19:56Z INFO HostContext] Well known config file 'RSACredentials': '/Users/lorellereid/Git_Repos/besticon/actions-runner/.credentials_rsaparams'
[2022-12-20 00:19:56Z INFO RSAFileKeyManager] Creating new RSA key using 2048-bit key length
[2022-12-20 00:19:56Z INFO RSAFileKeyManager] Successfully saved RSA key parameters to file /Users/lorellereid/Git_Repos/besticon/actions-runner/.credentials_rsaparams
[2022-12-20 00:19:56Z INFO RSAFileKeyManager] Which: 'chmod'
[2022-12-20 00:19:56Z INFO RSAFileKeyManager] Location: '/bin/chmod'
[2022-12-20 00:19:56Z INFO HostContext] Well known directory 'Bin': '/Users/lorellereid/Git_Repos/besticon/actions-runner/bin'
[2022-12-20 00:19:56Z INFO HostContext] Well known directory 'Root': '/Users/lorellereid/Git_Repos/besticon/actions-runner'
[2022-12-20 00:19:56Z INFO ProcessInvokerWrapper] Starting process:
[2022-12-20 00:19:56Z INFO ProcessInvokerWrapper]   File name: '/bin/chmod'
[2022-12-20 00:19:56Z INFO ProcessInvokerWrapper]   Arguments: '600 /Users/lorellereid/Git_Repos/besticon/actions-runner/.credentials_rsaparams'
[2022-12-20 00:19:56Z INFO ProcessInvokerWrapper]   Working directory: '/Users/lorellereid/Git_Repos/besticon/actions-runner'
[2022-12-20 00:19:56Z INFO ProcessInvokerWrapper]   Require exit code zero: 'False'
[2022-12-20 00:19:56Z INFO ProcessInvokerWrapper]   Encoding web name:  ; code page: ''
[2022-12-20 00:19:56Z INFO ProcessInvokerWrapper]   Force kill process on cancellation: 'False'
[2022-12-20 00:19:56Z INFO ProcessInvokerWrapper]   Redirected STDIN: 'False'
[2022-12-20 00:19:56Z INFO ProcessInvokerWrapper]   Persist current code page: 'False'
[2022-12-20 00:19:56Z INFO ProcessInvokerWrapper]   Keep redirected STDIN open: 'False'
[2022-12-20 00:19:56Z INFO ProcessInvokerWrapper]   High priority process: 'False'
[2022-12-20 00:19:56Z INFO ProcessInvokerWrapper] Process started with process id 49784, waiting for process exit.
[2022-12-20 00:19:56Z INFO ProcessInvokerWrapper] STDOUT/STDERR stream read finished.
[2022-12-20 00:19:56Z INFO ProcessInvokerWrapper] STDOUT/STDERR stream read finished.
[2022-12-20 00:19:56Z INFO ProcessInvokerWrapper] Finished process 49784 with exit code 0, and elapsed time 00:00:00.0176259.
[2022-12-20 00:19:56Z INFO RSAFileKeyManager] Successfully set permissions for RSA key parameters file /Users/lorellereid/Git_Repos/besticon/actions-runner/.credentials_rsaparams
[2022-12-20 00:19:56Z INFO CommandSettings] Arg 'runnergroup': ''
[2022-12-20 00:19:56Z INFO CommandSettings] Flag 'unattended': 'False'
[2022-12-20 00:19:56Z INFO PromptManager] ReadValue
[2022-12-20 00:19:56Z INFO Terminal] WRITE: Enter the name of the runner group to add this runner to: 
[2022-12-20 00:19:56Z INFO Terminal] WRITE: [press Enter for Default] 
[2022-12-20 00:19:56Z INFO Terminal] READ LINE
[2022-12-20 00:19:59Z INFO Terminal] Read value: ''
[2022-12-20 00:19:59Z INFO PromptManager] Falling back to the default: 'Default'
[2022-12-20 00:19:59Z INFO Terminal] WRITE LINE: 
[2022-12-20 00:19:59Z INFO ConfigurationManager] Found a self-hosted runner group with id 1 and name Default
[2022-12-20 00:19:59Z INFO CommandSettings] Flag 'disableupdate': 'False'
[2022-12-20 00:19:59Z INFO CommandSettings] Flag 'ephemeral': 'False'
[2022-12-20 00:19:59Z INFO CommandSettings] Arg 'name': ''
[2022-12-20 00:19:59Z INFO CommandSettings] Flag 'unattended': 'False'
[2022-12-20 00:19:59Z INFO PromptManager] ReadValue
[2022-12-20 00:19:59Z INFO Terminal] WRITE: Enter the name of runner: 
[2022-12-20 00:19:59Z INFO Terminal] WRITE: [press Enter for Retinelle] 
[2022-12-20 00:19:59Z INFO Terminal] READ LINE
[2022-12-20 00:20:01Z INFO Terminal] Read value: ''
[2022-12-20 00:20:01Z INFO PromptManager] Falling back to the default: 'Retinelle'
[2022-12-20 00:20:01Z INFO Terminal] WRITE LINE: 
[2022-12-20 00:20:01Z INFO CommandSettings] Arg 'labels': ''
[2022-12-20 00:20:01Z INFO CommandSettings] Flag 'unattended': 'False'
[2022-12-20 00:20:01Z INFO PromptManager] ReadValue
[2022-12-20 00:20:01Z INFO Terminal] WRITE: This runner will have the following labels: 'self-hosted', 'macOS', 'X64' 
Enter any additional labels (ex. label-1,label-2): 
[2022-12-20 00:20:01Z INFO Terminal] WRITE: [press Enter to skip] 
[2022-12-20 00:20:01Z INFO Terminal] READ LINE
[2022-12-20 00:20:09Z INFO Terminal] Read value: ''
[2022-12-20 00:20:09Z INFO Terminal] WRITE LINE: 
[2022-12-20 00:20:09Z INFO CommandSettings] Flag 'disableupdate': 'False'
[2022-12-20 00:20:09Z INFO CommandSettings] Flag 'disableupdate': 'False'
[2022-12-20 00:20:09Z INFO CommandSettings] Flag 'ephemeral': 'False'
[2022-12-20 00:20:09Z INFO ConfigurationStore] Saving OAuth credential @ /Users/lorellereid/Git_Repos/besticon/actions-runner/.credentials
[2022-12-20 00:20:09Z INFO ConfigurationStore] Credentials Saved.
[2022-12-20 00:20:09Z INFO ConfigurationStore] HasCredentials()
[2022-12-20 00:20:09Z INFO ConfigurationStore] stored True
[2022-12-20 00:20:09Z INFO CredentialManager] GetCredentialProvider
[2022-12-20 00:20:09Z INFO CredentialManager] Creating type OAuth
[2022-12-20 00:20:09Z INFO CredentialManager] Creating credential type: OAuth
[2022-12-20 00:20:09Z INFO RSAFileKeyManager] Loading RSA key parameters from file /Users/lorellereid/Git_Repos/besticon/actions-runner/.credentials_rsaparams
[2022-12-20 00:20:09Z INFO RunnerServer] EstablishVssConnection
[2022-12-20 00:20:09Z INFO RunnerServer] Establish connection with 100 seconds timeout.
[2022-12-20 00:20:09Z INFO GitHubActionsService] Starting operation Location.GetConnectionData
[2022-12-20 00:20:09Z INFO RunnerServer] EstablishVssConnection
[2022-12-20 00:20:09Z INFO RunnerServer] Establish connection with 60 seconds timeout.
[2022-12-20 00:20:09Z INFO GitHubActionsService] Starting operation Location.GetConnectionData
[2022-12-20 00:20:09Z INFO RunnerServer] EstablishVssConnection
[2022-12-20 00:20:09Z INFO RunnerServer] Establish connection with 60 seconds timeout.
[2022-12-20 00:20:09Z INFO GitHubActionsService] Starting operation Location.GetConnectionData
[2022-12-20 00:20:10Z INFO GitHubActionsService] Finished operation Location.GetConnectionData
[2022-12-20 00:20:10Z INFO GitHubActionsService] Finished operation Location.GetConnectionData
[2022-12-20 00:20:10Z INFO GitHubActionsService] Finished operation Location.GetConnectionData
[2022-12-20 00:20:10Z INFO RSAFileKeyManager] Loading RSA key parameters from file /Users/lorellereid/Git_Repos/besticon/actions-runner/.credentials_rsaparams
[2022-12-20 00:20:10Z INFO RSAFileKeyManager] Loading RSA key parameters from file /Users/lorellereid/Git_Repos/besticon/actions-runner/.credentials_rsaparams
[2022-12-20 00:20:10Z INFO GitHubActionsService] AAD Correlation ID for this token request: Unknown
[2022-12-20 00:20:10Z INFO CommandSettings] Arg 'work': ''
[2022-12-20 00:20:10Z INFO CommandSettings] Flag 'unattended': 'False'
[2022-12-20 00:20:10Z INFO PromptManager] ReadValue
[2022-12-20 00:20:10Z INFO Terminal] WRITE: Enter name of work folder: 
[2022-12-20 00:20:10Z INFO Terminal] WRITE: [press Enter for _work] 
[2022-12-20 00:20:10Z INFO Terminal] READ LINE
[2022-12-20 00:20:20Z INFO Terminal] Read value: ''
[2022-12-20 00:20:20Z INFO PromptManager] Falling back to the default: '_work'
[2022-12-20 00:20:20Z INFO ConfigurationStore] Saving runner settings.
[2022-12-20 00:20:20Z INFO ConfigurationStore] Settings Saved.
[2022-12-20 00:20:20Z INFO Terminal] WRITE LINE: 
[2022-12-20 00:20:20Z INFO Terminal] WRITE LINE: 
[2022-12-20 00:20:20Z INFO OsxServiceControlManager] Service name 'actions.runner.learn2reid-besticon.Retinelle' display name 'GitHub Actions Runner (learn2reid-besticon.Retinelle)' will be used for service configuration.
[2022-12-20 00:20:20Z INFO HostContext] Well known directory 'Bin': '/Users/lorellereid/Git_Repos/besticon/actions-runner/bin'
[2022-12-20 00:20:20Z INFO HostContext] Well known directory 'Root': '/Users/lorellereid/Git_Repos/besticon/actions-runner'
[2022-12-20 00:20:20Z INFO HostContext] Well known directory 'Bin': '/Users/lorellereid/Git_Repos/besticon/actions-runner/bin'
[2022-12-20 00:20:20Z INFO HostContext] Well known directory 'Bin': '/Users/lorellereid/Git_Repos/besticon/actions-runner/bin'
[2022-12-20 00:20:20Z INFO HostContext] Well known directory 'Root': '/Users/lorellereid/Git_Repos/besticon/actions-runner'
[2022-12-20 00:20:20Z INFO UnixUtil] Which: 'chmod'
[2022-12-20 00:20:20Z INFO UnixUtil] Location: '/bin/chmod'
[2022-12-20 00:20:20Z INFO UnixUtil] Running /bin/chmod 755 "/Users/lorellereid/Git_Repos/besticon/actions-runner/svc.sh"
[2022-12-20 00:20:20Z INFO ProcessInvokerWrapper] Starting process:
[2022-12-20 00:20:20Z INFO ProcessInvokerWrapper]   File name: '/bin/chmod'
[2022-12-20 00:20:20Z INFO ProcessInvokerWrapper]   Arguments: '755 "/Users/lorellereid/Git_Repos/besticon/actions-runner/svc.sh"'
[2022-12-20 00:20:20Z INFO ProcessInvokerWrapper]   Working directory: '/Users/lorellereid/Git_Repos/besticon/actions-runner'
[2022-12-20 00:20:20Z INFO ProcessInvokerWrapper]   Require exit code zero: 'True'
[2022-12-20 00:20:20Z INFO ProcessInvokerWrapper]   Encoding web name:  ; code page: ''
[2022-12-20 00:20:20Z INFO ProcessInvokerWrapper]   Force kill process on cancellation: 'False'
[2022-12-20 00:20:20Z INFO ProcessInvokerWrapper]   Redirected STDIN: 'False'
[2022-12-20 00:20:20Z INFO ProcessInvokerWrapper]   Persist current code page: 'False'
[2022-12-20 00:20:20Z INFO ProcessInvokerWrapper]   Keep redirected STDIN open: 'False'
[2022-12-20 00:20:20Z INFO ProcessInvokerWrapper]   High priority process: 'False'
[2022-12-20 00:20:20Z INFO ProcessInvokerWrapper] Process started with process id 49824, waiting for process exit.
[2022-12-20 00:20:20Z INFO ProcessInvokerWrapper] STDOUT/STDERR stream read finished.
[2022-12-20 00:20:20Z INFO ProcessInvokerWrapper] STDOUT/STDERR stream read finished.
[2022-12-20 00:20:20Z INFO ProcessInvokerWrapper] Finished process 49824 with exit code 0, and elapsed time 00:00:00.0111124.
[2022-12-20 00:20:20Z INFO Listener] Runner execution has finished with return code 0
